<?xml version="1.0" encoding="UTF-8"?>
<!-- Generated by org.testng.reporters.JUnitReportReporter -->
<testsuite hostname="sys" name="day19.RightClick" tests="1" failures="0" timestamp="9 Jun 2015 16:56:52 GMT" time="18.614" errors="0">
  <testcase name="rightClickTest" time="18.614" classname="day19.RightClick"/>
</testsuite> <!-- day19.RightClick -->
