<?xml version="1.0" encoding="UTF-8"?>
<!-- Generated by org.testng.reporters.JUnitReportReporter -->
<testsuite hostname="sys" name="ImageComparision" tests="1" failures="0" timestamp="2 Jun 2015 16:27:02 GMT" time="51.787" errors="0">
  <testcase name="screenshotTest" time="51.787" classname="ImageComparision"/>
</testsuite> <!-- ImageComparision -->
