<?xml version="1.0" encoding="UTF-8"?>
<!-- Generated by org.testng.reporters.JUnitReportReporter -->
<testsuite hostname="sys" name="day20.WebtableTesting1" tests="1" failures="0" timestamp="16 Jun 2015 16:59:16 GMT" time="71.214" errors="0">
  <testcase name="webtableTest" time="71.214" classname="day20.WebtableTesting1"/>
</testsuite> <!-- day20.WebtableTesting1 -->
