<?xml version="1.0" encoding="UTF-8"?>
<!-- Generated by org.testng.reporters.JUnitReportReporter -->
<testsuite hostname="sys" name="day19.MouseHovering" tests="1" failures="0" timestamp="9 Jun 2015 16:46:42 GMT" time="23.253" errors="0">
  <testcase name="mousehoverTest" time="23.253" classname="day19.MouseHovering"/>
</testsuite> <!-- day19.MouseHovering -->
