<?xml version="1.0" encoding="UTF-8"?>
<!-- Generated by org.testng.reporters.JUnitReportReporter -->
<testsuite hostname="sys" name="day18.ImplicitWait" tests="1" failures="0" timestamp="8 Jun 2015 16:54:39 GMT" time="76.171" errors="0">
  <testcase name="waitTest" time="76.171" classname="day18.ImplicitWait"/>
</testsuite> <!-- day18.ImplicitWait -->
