<?xml version="1.0" encoding="UTF-8"?>
<!-- Generated by org.testng.reporters.JUnitReportReporter -->
<testsuite hostname="sys" name="day23.WebtableExcel" tests="1" failures="0" timestamp="16 Jun 2015 17:06:38 GMT" time="110.433" errors="0">
  <testcase name="webtableTest" time="110.433" classname="day23.WebtableExcel"/>
</testsuite> <!-- day23.WebtableExcel -->
