<?xml version="1.0" encoding="UTF-8"?>
<!-- Generated by org.testng.reporters.JUnitReportReporter -->
<testsuite hostname="sys" name="day20.CookiesTesting" tests="1" failures="0" timestamp="10 Jun 2015 16:49:25 GMT" time="71.080" errors="0">
  <testcase name="cookiestest" time="71.080" classname="day20.CookiesTesting"/>
</testsuite> <!-- day20.CookiesTesting -->
