<?xml version="1.0" encoding="UTF-8"?>
<!-- Generated by org.testng.reporters.JUnitReportReporter -->
<testsuite hostname="sys" name="day19.SliderAutomation" tests="1" failures="0" timestamp="9 Jun 2015 17:15:58 GMT" time="39.663" errors="0">
  <testcase name="dragandropTest" time="39.663" classname="day19.SliderAutomation"/>
</testsuite> <!-- day19.SliderAutomation -->
