<?xml version="1.0" encoding="UTF-8"?>
<!-- Generated by org.testng.reporters.JUnitReportReporter -->
<testsuite hostname="sys" name="day23.DropdownExcel" tests="1" failures="0" timestamp="16 Jun 2015 16:51:51 GMT" time="136.111" errors="0">
  <testcase name="dropdownTest" time="136.111" classname="day23.DropdownExcel"/>
</testsuite> <!-- day23.DropdownExcel -->
