<?xml version="1.0" encoding="UTF-8"?>
<!-- Generated by org.testng.reporters.JUnitReportReporter -->
<testsuite hostname="sys" name="day19.DragandDrop" tests="1" failures="0" timestamp="9 Jun 2015 17:05:47 GMT" time="26.860" errors="0">
  <testcase name="dragandropTest" time="26.860" classname="day19.DragandDrop"/>
</testsuite> <!-- day19.DragandDrop -->
