<?xml version="1.0" encoding="UTF-8"?>
<!-- Generated by org.testng.reporters.JUnitReportReporter -->
<testsuite hostname="sys" name="day26.GmailLogin" tests="1" failures="0" timestamp="22 Jun 2015 16:53:12 GMT" time="16.022" errors="0">
  <testcase name="loginTest" time="16.022" classname="day26.GmailLogin"/>
</testsuite> <!-- day26.GmailLogin -->
