<?xml version="1.0" encoding="UTF-8"?>
<!-- Generated by org.testng.reporters.JUnitReportReporter -->
<testsuite hostname="sys" name="day26.LoginusingKeywords" tests="1" failures="0" timestamp="22 Jun 2015 17:22:49 GMT" time="16.764" errors="0">
  <testcase name="loginTest" time="16.764" classname="day26.LoginusingKeywords"/>
</testsuite> <!-- day26.LoginusingKeywords -->
