<?xml version="1.0" encoding="UTF-8"?>
<!-- Generated by org.testng.reporters.JUnitReportReporter -->
<testsuite hostname="sys" name="day24.DatadrivenTesting1" tests="1" failures="0" timestamp="17 Jun 2015 17:08:17 GMT" time="180.730" errors="0">
  <testcase name="linkstest" time="180.730" classname="day24.DatadrivenTesting1"/>
</testsuite> <!-- day24.DatadrivenTesting1 -->
