<?xml version="1.0" encoding="UTF-8"?>
<!-- Generated by org.testng.reporters.JUnitReportReporter -->
<testsuite hostname="sys" name="day21.CalanderWebtable" tests="1" failures="0" timestamp="11 Jun 2015 17:19:21 GMT" time="38.509" errors="0">
  <testcase name="calanderTest" time="38.509" classname="day21.CalanderWebtable"/>
</testsuite> <!-- day21.CalanderWebtable -->
