<?xml version="1.0" encoding="UTF-8"?>
<!-- Generated by org.testng.reporters.JUnitReportReporter -->
<testsuite hostname="sys" name="day25.DatadrivenTesting3" tests="1" failures="0" timestamp="19 Jun 2015 17:17:41 GMT" time="40.161" errors="0">
  <testcase name="ajaxTest" time="40.161" classname="day25.DatadrivenTesting3"/>
</testsuite> <!-- day25.DatadrivenTesting3 -->
