<?xml version="1.0" encoding="UTF-8"?>
<!-- Generated by org.testng.reporters.JUnitReportReporter -->
<testsuite hostname="sys" name="day17.Sample" tests="2" failures="0" timestamp="5 Jun 2015 17:25:30 GMT" time="20.978" errors="0">
  <testcase name="loginTest" time="0.022" classname="day17.Sample"/>
  <testcase name="registration" time="20.956" classname="day17.Sample"/>
</testsuite> <!-- day17.Sample -->
