<?xml version="1.0" encoding="UTF-8"?>
<!-- Generated by org.testng.reporters.JUnitReportReporter -->
<testsuite hostname="sys" name="day25.ElementPresence" tests="1" failures="0" timestamp="19 Jun 2015 16:53:35 GMT" time="15.741" errors="0">
  <testcase name="elementTest" time="15.741" classname="day25.ElementPresence"/>
</testsuite> <!-- day25.ElementPresence -->
