<?xml version="1.0" encoding="UTF-8"?>
<!-- Generated by org.testng.reporters.JUnitReportReporter -->
<testsuite hostname="sys" name="day18.ExplicitWait_Webdriverwait" tests="1" failures="0" timestamp="8 Jun 2015 17:07:21 GMT" time="121.284" errors="0">
  <testcase name="waitTest" time="121.284" classname="day18.ExplicitWait_Webdriverwait"/>
</testsuite> <!-- day18.ExplicitWait_Webdriverwait -->
