<?xml version="1.0" encoding="UTF-8"?>
<!-- Generated by org.testng.reporters.JUnitReportReporter -->
<testsuite hostname="sys" name="day18.Explicitwait_Fluentwait" tests="1" failures="0" timestamp="8 Jun 2015 17:17:00 GMT" time="74.871" errors="0">
  <testcase name="waitTest" time="74.871" classname="day18.Explicitwait_Fluentwait"/>
</testsuite> <!-- day18.Explicitwait_Fluentwait -->
