<?xml version="1.0" encoding="UTF-8"?>
<!-- Generated by org.testng.reporters.JUnitReportReporter -->
<testsuite hostname="sys" name="day24.DatadrivenTesting2" tests="1" failures="0" timestamp="17 Jun 2015 17:31:01 GMT" time="60.507" errors="0">
  <testcase name="linkstest" time="60.507" classname="day24.DatadrivenTesting2"/>
</testsuite> <!-- day24.DatadrivenTesting2 -->
